2025-11-30 10:22:32,700 [INFO] Activator:176 - 


2025-11-30 10:22:32,707 [INFO] Activator:177 - !SESSION log4j initialized
2025-11-30 10:22:41,019 [INFO] LogOutputStream:77 - [STDOUT_REDIRECT] 
2025-11-30 10:22:42,379 [INFO] ApplicationProperties:184 - Using Application install path: C:\ST\STM32CubeIDE_1.19.0\STM32CubeIDE\plugins\com.st.stm32cube.common.mx_6.15.0.202507011659
2025-11-30 10:22:42,404 [INFO] DbMcusXml:78 - Set database path to: C:\ST\STM32CubeIDE_1.19.0\STM32CubeIDE\plugins\com.st.stm32cube.common.mx_6.15.0.202507011659\\db\/mcu/
2025-11-30 10:22:42,404 [INFO] ApiDb:274 - Set plugin database path to: C:\ST\STM32CubeIDE_1.19.0\STM32CubeIDE\plugins\com.st.stm32cube.common.mx_6.15.0.202507011659\\db\/plugins/boardmanager/
2025-11-30 10:22:42,406 [WARN] ApiDb:259 - Overriding images path with different value:  => C:\ST\STM32CubeIDE_1.19.0\STM32CubeIDE\plugins\com.st.stm32cube.common.mx_6.15.0.202507011659\\db\/plugins/mcufinder/images/
2025-11-30 10:22:42,418 [INFO] ApiDb:250 - Set database path to: C:\Users\felix\.stmcufinder\plugins\mcufinder//mcu/
2025-11-30 10:22:42,419 [INFO] DbMcusAds:125 - Set database path to: C:\Users\felix\.stmcufinder\plugins\mcufinder//mcu/
2025-11-30 10:22:42,422 [INFO] CrossReferenceDbSqlite:203 - Set database path to: C:\Users\felix\.stmcufinder\plugins\mcufinder//mcu/cs/
2025-11-30 10:22:42,596 [INFO] RulesReader:64 - Compatibility file has been processed (317 Rules)
2025-11-30 10:22:42,716 [INFO] DbMcusXml:78 - Set database path to: C:\ST\STM32CubeIDE_1.19.0\STM32CubeIDE\plugins\com.st.stm32cube.common.mx_6.15.0.202507011659\\db\/mcu/
2025-11-30 10:22:42,716 [INFO] ApiDb:274 - Set plugin database path to: C:\ST\STM32CubeIDE_1.19.0\STM32CubeIDE\plugins\com.st.stm32cube.common.mx_6.15.0.202507011659\\db\/plugins/boardmanager/
2025-11-30 10:22:42,716 [INFO] ApiDb:261 - Set plugin images path to: C:\ST\STM32CubeIDE_1.19.0\STM32CubeIDE\plugins\com.st.stm32cube.common.mx_6.15.0.202507011659\\db\/plugins/mcufinder/images/
2025-11-30 10:22:42,716 [WARN] DbFile:41 - Overriding database path with different value: C:\Users\felix\.stmcufinder\plugins\mcufinder/ => C:\Users\felix\.stmcufinder\plugins\mcufinder
2025-11-30 10:22:42,717 [INFO] ApiDb:250 - Set database path to: C:\Users\felix\.stmcufinder\plugins\mcufinder//mcu/
2025-11-30 10:22:42,717 [WARN] DbFile:41 - Overriding database path with different value: C:\Users\felix\.stmcufinder\plugins\mcufinder/ => C:\Users\felix\.stmcufinder\plugins\mcufinder
2025-11-30 10:22:42,717 [INFO] DbMcusAds:125 - Set database path to: C:\Users\felix\.stmcufinder\plugins\mcufinder//mcu/
2025-11-30 10:22:42,717 [WARN] DbFile:41 - Overriding database path with different value: C:\Users\felix\.stmcufinder\plugins\mcufinder/ => C:\Users\felix\.stmcufinder\plugins\mcufinder
2025-11-30 10:22:42,717 [WARN] DbFile:41 - Overriding database path with different value: C:\Users\felix\.stmcufinder\plugins\mcufinder/ => C:\Users\felix\.stmcufinder\plugins\mcufinder
2025-11-30 10:22:42,718 [INFO] CrossReferenceDbSqlite:203 - Set database path to: C:\Users\felix\.stmcufinder\plugins\mcufinder//mcu/cs/
2025-11-30 10:22:42,814 [INFO] MainPanel:274 - HeapMemory: 268435456
2025-11-30 10:22:42,985 [INFO] DbMcusXml:78 - Set database path to: C:\ST\STM32CubeIDE_1.19.0\STM32CubeIDE\plugins\com.st.stm32cube.common.mx_6.15.0.202507011659\\db\/mcu/
2025-11-30 10:22:42,986 [INFO] ApiDb:274 - Set plugin database path to: C:\ST\STM32CubeIDE_1.19.0\STM32CubeIDE\plugins\com.st.stm32cube.common.mx_6.15.0.202507011659\\db\/plugins/boardmanager/
2025-11-30 10:22:42,986 [INFO] ApiDb:261 - Set plugin images path to: C:\ST\STM32CubeIDE_1.19.0\STM32CubeIDE\plugins\com.st.stm32cube.common.mx_6.15.0.202507011659\\db\/plugins/mcufinder/images/
2025-11-30 10:22:42,986 [WARN] DbFile:41 - Overriding database path with different value: C:\Users\felix\.stmcufinder\plugins\mcufinder/ => C:\Users\felix\.stmcufinder\plugins\mcufinder
2025-11-30 10:22:42,986 [INFO] ApiDb:250 - Set database path to: C:\Users\felix\.stmcufinder\plugins\mcufinder//mcu/
2025-11-30 10:22:42,986 [WARN] DbFile:41 - Overriding database path with different value: C:\Users\felix\.stmcufinder\plugins\mcufinder/ => C:\Users\felix\.stmcufinder\plugins\mcufinder
2025-11-30 10:22:42,987 [INFO] DbMcusAds:125 - Set database path to: C:\Users\felix\.stmcufinder\plugins\mcufinder//mcu/
2025-11-30 10:22:42,987 [WARN] DbFile:41 - Overriding database path with different value: C:\Users\felix\.stmcufinder\plugins\mcufinder/ => C:\Users\felix\.stmcufinder\plugins\mcufinder
2025-11-30 10:22:42,987 [WARN] DbFile:41 - Overriding database path with different value: C:\Users\felix\.stmcufinder\plugins\mcufinder/ => C:\Users\felix\.stmcufinder\plugins\mcufinder
2025-11-30 10:22:42,987 [INFO] CrossReferenceDbSqlite:203 - Set database path to: C:\Users\felix\.stmcufinder\plugins\mcufinder//mcu/cs/
2025-11-30 10:22:43,013 [INFO] ApplicationProperties:184 - Using Application install path: C:\ST\STM32CubeIDE_1.19.0\STM32CubeIDE\plugins\com.st.stm32cube.common.mx_6.15.0.202507011659
2025-11-30 10:22:43,015 [INFO] PluginManage:196 - Search for loadable plugins [exclusion list=, ]
2025-11-30 10:22:43,016 [INFO] PluginManage:310 - Check plugin analytics
2025-11-30 10:22:43,259 [INFO] AnalyticsPlugin:253 - Accepted Software Licenses: 
2025-11-30 10:22:43,260 [INFO] AnalyticsPlugin:255 - Accepted CMSIS Pack Licenses: 
2025-11-30 10:22:43,260 [INFO] AnalyticsPlugin:257 - Accepted Firmware Licenses: 
2025-11-30 10:22:43,263 [INFO] PluginManage:359 - Loaded plugin analytics (category:tool,tabindex:-1)
2025-11-30 10:22:43,264 [INFO] PluginManage:310 - Check plugin cadmodel
2025-11-30 10:22:43,272 [INFO] CADModel:105 - Init CAD model plugin
2025-11-30 10:22:43,272 [INFO] PluginManage:359 - Loaded plugin cadmodel (category:power,tabindex:5)
2025-11-30 10:22:43,272 [INFO] PluginManage:310 - Check plugin clock
2025-11-30 10:22:43,284 [INFO] PluginManage:359 - Loaded plugin clock (category:base,tabindex:2)
2025-11-30 10:22:43,285 [INFO] PluginManage:310 - Check plugin ddr
2025-11-30 10:22:43,288 [INFO] PluginManage:359 - Loaded plugin ddr (category:tool,tabindex:6)
2025-11-30 10:22:43,288 [INFO] PluginManage:310 - Check plugin filemanager
2025-11-30 10:22:43,504 [INFO] PluginManage:359 - Loaded plugin filemanager (category:base,tabindex:10)
2025-11-30 10:22:43,504 [INFO] PluginManage:310 - Check plugin ipmanager
2025-11-30 10:22:43,516 [INFO] PluginManage:359 - Loaded plugin ipmanager (category:base,tabindex:5)
2025-11-30 10:22:43,516 [INFO] PluginManage:310 - Check plugin lpbam
2025-11-30 10:22:43,529 [INFO] PluginManage:359 - Loaded plugin lpbam (category:base,tabindex:0)
2025-11-30 10:22:43,530 [INFO] PluginManage:310 - Check plugin memorymap
2025-11-30 10:22:43,556 [INFO] PluginManage:359 - Loaded plugin memorymap (category:base,tabindex:4)
2025-11-30 10:22:43,556 [INFO] PluginManage:310 - Check plugin pinoutandconfiguration
2025-11-30 10:22:43,576 [INFO] PluginManage:359 - Loaded plugin pinoutandconfiguration (category:base,tabindex:1)
2025-11-30 10:22:43,577 [INFO] PluginManage:310 - Check plugin pinoutconfig
2025-11-30 10:22:43,721 [WARN] SupportedApi:132 - Cannot load RTOS API schema: s4s-elt-must-match.1: The content of 'definitions' must match (annotation?, (simpleType | complexType)?, (unique | key | keyref)*)). A problem was found starting at: attribute.
2025-11-30 10:22:43,909 [INFO] PluginManage:359 - Loaded plugin pinoutconfig (category:base,tabindex:0)
2025-11-30 10:22:43,910 [INFO] PluginManage:310 - Check plugin power
2025-11-30 10:22:43,928 [INFO] PluginManage:359 - Loaded plugin power (category:power,tabindex:4)
2025-11-30 10:22:43,928 [INFO] PluginManage:310 - Check plugin projectmanager
2025-11-30 10:22:43,954 [INFO] PluginManage:359 - Loaded plugin projectmanager (category:projectmanager,tabindex:4)
2025-11-30 10:22:43,954 [INFO] PluginManage:310 - Check plugin rif
2025-11-30 10:22:43,973 [INFO] PluginManage:359 - Loaded plugin rif (category:base,tabindex:3)
2025-11-30 10:22:43,974 [INFO] PluginManage:310 - Check plugin thirdparty
2025-11-30 10:22:44,163 [INFO] PluginManage:359 - Loaded plugin thirdparty (category:base,tabindex:-1)
2025-11-30 10:22:44,163 [WARN] IntegrityCheckThread:84 - waiting for thirdparty lock release [integrity check]
2025-11-30 10:22:44,164 [INFO] IntegrityCheckThread:86 - entering critical section [integrity check]
2025-11-30 10:22:44,164 [INFO] PluginManage:310 - Check plugin tools
2025-11-30 10:22:44,164 [INFO] ThirdPartyUpdaterWithRetryManager:70 - Updater plugin not ready yet. [1/15]
2025-11-30 10:22:44,167 [INFO] PluginManage:359 - Loaded plugin tools (category:base,tabindex:7)
2025-11-30 10:22:44,168 [INFO] PluginManage:310 - Check plugin tutovideos
2025-11-30 10:22:44,467 [INFO] PluginManage:359 - Loaded plugin tutovideos (category:base,tabindex:-1)
2025-11-30 10:22:44,467 [INFO] PluginManage:310 - Check plugin updater
2025-11-30 10:22:44,499 [INFO] PluginManage:359 - Loaded plugin updater (category:base,tabindex:12)
2025-11-30 10:22:44,499 [INFO] PluginManage:310 - Check plugin userauth
2025-11-30 10:22:44,504 [INFO] UserAuth:118 - Init User Auth plugin
2025-11-30 10:22:44,505 [INFO] PluginManage:359 - Loaded plugin userauth (category:base,tabindex:14)
2025-11-30 10:22:44,506 [INFO] PluginManage:283 - PluginManage : Loaded plugins [18]
2025-11-30 10:22:44,798 [INFO] PinOutPanel:1589 - setPackage(No Configuration,No Configuration)
2025-11-30 10:22:44,954 [INFO] CADModel:165 - CPN selected for project level
2025-11-30 10:22:44,954 [INFO] CADModel:114 - Register for checkConnection events
2025-11-30 10:22:44,977 [INFO] IPUIPlugin:80 - create IPUIPlugin
2025-11-30 10:22:44,978 [INFO] PluginManager:220 - loadIPPluginJar : add adc
2025-11-30 10:22:44,982 [INFO] IPUIPlugin:80 - create IPUIPlugin
2025-11-30 10:22:44,983 [INFO] PluginManager:220 - loadIPPluginJar : add aes
2025-11-30 10:22:44,986 [INFO] IPUIPlugin:80 - create IPUIPlugin
2025-11-30 10:22:44,987 [INFO] PluginManager:220 - loadIPPluginJar : add can
2025-11-30 10:22:44,992 [INFO] IPUIPlugin:80 - create IPUIPlugin
2025-11-30 10:22:44,992 [INFO] PluginManager:220 - loadIPPluginJar : add comp
2025-11-30 10:22:44,996 [INFO] IPUIPlugin:80 - create IPUIPlugin
2025-11-30 10:22:44,996 [INFO] PluginManager:220 - loadIPPluginJar : add cryp
2025-11-30 10:22:45,003 [INFO] IPUIPlugin:80 - create IPUIPlugin
2025-11-30 10:22:45,003 [INFO] PluginManager:220 - loadIPPluginJar : add ddr_ctrl_phy
2025-11-30 10:22:45,006 [INFO] IPUIPlugin:80 - create IPUIPlugin
2025-11-30 10:22:45,007 [INFO] PluginManager:220 - loadIPPluginJar : add dfsdm
2025-11-30 10:22:45,015 [INFO] IPUIPlugin:80 - create IPUIPlugin
2025-11-30 10:22:45,015 [INFO] PluginManager:220 - loadIPPluginJar : add dma
2025-11-30 10:22:45,019 [INFO] IPUIPlugin:80 - create IPUIPlugin
2025-11-30 10:22:45,019 [INFO] PluginManager:220 - loadIPPluginJar : add dma3
2025-11-30 10:22:45,023 [INFO] IPUIPlugin:80 - create IPUIPlugin
2025-11-30 10:22:45,023 [INFO] PluginManager:220 - loadIPPluginJar : add extmemmanager
2025-11-30 10:22:45,025 [INFO] IPUIPlugin:80 - create IPUIPlugin
2025-11-30 10:22:45,026 [INFO] PluginManager:220 - loadIPPluginJar : add fatfs
2025-11-30 10:22:45,031 [INFO] IPUIPlugin:80 - create IPUIPlugin
2025-11-30 10:22:45,031 [INFO] PluginManager:220 - loadIPPluginJar : add fmc
2025-11-30 10:22:45,038 [INFO] IPUIPlugin:80 - create IPUIPlugin
2025-11-30 10:22:45,038 [INFO] PluginManager:220 - loadIPPluginJar : add freertos
2025-11-30 10:22:45,041 [INFO] IPUIPlugin:80 - create IPUIPlugin
2025-11-30 10:22:45,041 [INFO] PluginManager:220 - loadIPPluginJar : add genericplugin
2025-11-30 10:22:45,044 [INFO] IPUIPlugin:80 - create IPUIPlugin
2025-11-30 10:22:45,044 [INFO] PluginManager:220 - loadIPPluginJar : add gfxmmu
2025-11-30 10:22:45,049 [INFO] IPUIPlugin:80 - create IPUIPlugin
2025-11-30 10:22:45,050 [INFO] PluginManager:220 - loadIPPluginJar : add gic
2025-11-30 10:22:45,055 [INFO] IPUIPlugin:80 - create IPUIPlugin
2025-11-30 10:22:45,055 [INFO] PluginManager:220 - loadIPPluginJar : add gpio
2025-11-30 10:22:45,059 [INFO] IPUIPlugin:80 - create IPUIPlugin
2025-11-30 10:22:45,059 [INFO] PluginManager:220 - loadIPPluginJar : add gtzc
2025-11-30 10:22:45,063 [INFO] IPUIPlugin:80 - create IPUIPlugin
2025-11-30 10:22:45,064 [INFO] PluginManager:220 - loadIPPluginJar : add hash
2025-11-30 10:22:45,067 [INFO] IPUIPlugin:80 - create IPUIPlugin
2025-11-30 10:22:45,067 [INFO] PluginManager:220 - loadIPPluginJar : add i2c
2025-11-30 10:22:45,071 [INFO] IPUIPlugin:80 - create IPUIPlugin
2025-11-30 10:22:45,071 [INFO] PluginManager:220 - loadIPPluginJar : add i2s
2025-11-30 10:22:45,075 [INFO] IPUIPlugin:80 - create IPUIPlugin
2025-11-30 10:22:45,076 [INFO] PluginManager:220 - loadIPPluginJar : add i3c
2025-11-30 10:22:45,079 [INFO] IPUIPlugin:80 - create IPUIPlugin
2025-11-30 10:22:45,080 [INFO] PluginManager:220 - loadIPPluginJar : add ipddr
2025-11-30 10:22:45,090 [INFO] IPUIPlugin:80 - create IPUIPlugin
2025-11-30 10:22:45,090 [INFO] PluginManager:220 - loadIPPluginJar : add linkedlist
2025-11-30 10:22:45,096 [INFO] IPUIPlugin:80 - create IPUIPlugin
2025-11-30 10:22:45,096 [INFO] PluginManager:220 - loadIPPluginJar : add lorawan
2025-11-30 10:22:45,098 [INFO] IPUIPlugin:80 - create IPUIPlugin
2025-11-30 10:22:45,098 [INFO] PluginManager:220 - loadIPPluginJar : add ltdc
2025-11-30 10:22:45,105 [INFO] IPUIPlugin:80 - create IPUIPlugin
2025-11-30 10:22:45,105 [INFO] PluginManager:220 - loadIPPluginJar : add mdma
2025-11-30 10:22:45,111 [INFO] IPUIPlugin:80 - create IPUIPlugin
2025-11-30 10:22:45,111 [INFO] PluginManager:220 - loadIPPluginJar : add nvic
2025-11-30 10:22:45,116 [INFO] IPUIPlugin:80 - create IPUIPlugin
2025-11-30 10:22:45,116 [INFO] PluginManager:220 - loadIPPluginJar : add opamp
2025-11-30 10:22:45,121 [INFO] IPUIPlugin:80 - create IPUIPlugin
2025-11-30 10:22:45,121 [INFO] PluginManager:220 - loadIPPluginJar : add openamp
2025-11-30 10:22:45,126 [INFO] IPUIPlugin:80 - create IPUIPlugin
2025-11-30 10:22:45,126 [INFO] PluginManager:220 - loadIPPluginJar : add pdm2pcm
2025-11-30 10:22:45,132 [INFO] IPUIPlugin:80 - create IPUIPlugin
2025-11-30 10:22:45,135 [INFO] PluginManager:220 - loadIPPluginJar : add plateformsettings
2025-11-30 10:22:45,137 [INFO] IPUIPlugin:80 - create IPUIPlugin
2025-11-30 10:22:45,137 [INFO] PluginManager:220 - loadIPPluginJar : add quadspi
2025-11-30 10:22:45,139 [INFO] IPUIPlugin:80 - create IPUIPlugin
2025-11-30 10:22:45,139 [INFO] PluginManager:220 - loadIPPluginJar : add radio
2025-11-30 10:22:45,146 [INFO] IPUIPlugin:80 - create IPUIPlugin
2025-11-30 10:22:45,146 [INFO] PluginManager:220 - loadIPPluginJar : add resmgrutility
2025-11-30 10:22:45,149 [INFO] IPUIPlugin:80 - create IPUIPlugin
2025-11-30 10:22:45,150 [INFO] PluginManager:220 - loadIPPluginJar : add sai
2025-11-30 10:22:45,154 [INFO] IPUIPlugin:80 - create IPUIPlugin
2025-11-30 10:22:45,154 [INFO] PluginManager:220 - loadIPPluginJar : add spi
2025-11-30 10:22:45,164 [INFO] IPUIPlugin:80 - create IPUIPlugin
2025-11-30 10:22:45,164 [INFO] PluginManager:220 - loadIPPluginJar : add stm32_wpan
2025-11-30 10:22:45,166 [INFO] IPUIPlugin:80 - create IPUIPlugin
2025-11-30 10:22:45,166 [INFO] PluginManager:220 - loadIPPluginJar : add tim
2025-11-30 10:22:45,171 [INFO] IPUIPlugin:80 - create IPUIPlugin
2025-11-30 10:22:45,171 [INFO] PluginManager:220 - loadIPPluginJar : add touchsensing
2025-11-30 10:22:45,173 [INFO] IPUIPlugin:80 - create IPUIPlugin
2025-11-30 10:22:45,173 [INFO] PluginManager:220 - loadIPPluginJar : add tracer_emb
2025-11-30 10:22:45,175 [INFO] IPUIPlugin:80 - create IPUIPlugin
2025-11-30 10:22:45,175 [INFO] PluginManager:220 - loadIPPluginJar : add ts
2025-11-30 10:22:45,177 [INFO] IPUIPlugin:80 - create IPUIPlugin
2025-11-30 10:22:45,177 [INFO] PluginManager:220 - loadIPPluginJar : add tsc
2025-11-30 10:22:45,180 [INFO] IPUIPlugin:80 - create IPUIPlugin
2025-11-30 10:22:45,180 [INFO] PluginManager:220 - loadIPPluginJar : add ucpd
2025-11-30 10:22:45,183 [INFO] IPUIPlugin:80 - create IPUIPlugin
2025-11-30 10:22:45,183 [INFO] PluginManager:220 - loadIPPluginJar : add usart
2025-11-30 10:22:45,188 [INFO] IPUIPlugin:80 - create IPUIPlugin
2025-11-30 10:22:45,188 [INFO] PluginManager:220 - loadIPPluginJar : add usbx
2025-11-30 10:22:45,331 [FATAL] Updater:351 - Updater called before beeing initialized
2025-11-30 10:22:45,389 [INFO] RulesReader:64 - Compatibility file has been processed (317 Rules)
2025-11-30 10:22:45,400 [INFO] RulesReader:64 - Compatibility file has been processed (317 Rules)
2025-11-30 10:22:45,413 [INFO] CADModel:165 - CPN selected for project level
2025-11-30 10:22:45,414 [INFO] CADModel:114 - Register for checkConnection events
2025-11-30 10:22:45,414 [FATAL] Updater:351 - Updater called before beeing initialized
2025-11-30 10:22:45,415 [ERROR] CADModel:125 - Updater not yet initialized, retry later 
2025-11-30 10:22:45,622 [FATAL] Updater:351 - Updater called before beeing initialized
2025-11-30 10:22:45,625 [INFO] CADModel:165 - CPN selected for project level
2025-11-30 10:22:45,625 [INFO] CADModel:114 - Register for checkConnection events
2025-11-30 10:22:45,625 [FATAL] Updater:351 - Updater called before beeing initialized
2025-11-30 10:22:45,625 [ERROR] CADModel:125 - Updater not yet initialized, retry later 
2025-11-30 10:22:45,629 [FATAL] Updater:351 - Updater called before beeing initialized
2025-11-30 10:22:45,766 [FATAL] Updater:351 - Updater called before beeing initialized
2025-11-30 10:22:45,770 [INFO] DbMcusAds:53 - JSON generation date=Tue Nov 25 19:38:32 IST 2025 (1764079712287)
2025-11-30 10:22:45,770 [FATAL] Updater:351 - Updater called before beeing initialized
2025-11-30 10:22:45,821 [WARN] DetailPanel:346 - Failed to get advertising image, set to default
2025-11-30 10:22:45,954 [FATAL] Updater:351 - Updater called before beeing initialized
2025-11-30 10:22:45,956 [FATAL] Updater:351 - Updater called before beeing initialized
2025-11-30 10:22:45,956 [FATAL] Updater:351 - Updater called before beeing initialized
2025-11-30 10:22:45,957 [WARN] DetailPanel:346 - Failed to get advertising image, set to default
2025-11-30 10:22:45,958 [FATAL] Updater:351 - Updater called before beeing initialized
2025-11-30 10:22:46,021 [ERROR] Updater:1198 - MainUpdater not yet initialized. External WinMGr cannot be set.
2025-11-30 10:22:46,024 [INFO] Updater:1134 - Updater Version found : 6.15.0
2025-11-30 10:22:46,052 [INFO] ApplicationProperties:184 - Using Application install path: C:\ST\STM32CubeIDE_1.19.0\STM32CubeIDE\plugins\com.st.stm32cube.common.mx_6.15.0.202507011659
2025-11-30 10:22:47,165 [INFO] ThirdPartyUpdaterWithRetryManager:70 - Updater plugin not ready yet. [2/15]
2025-11-30 10:22:47,635 [ERROR] LogOutputStream:75 - [STDERR_REDIRECT] Nov 30, 2025 10:22:47 AM java.util.prefs.WindowsPreferences <init>
2025-11-30 10:22:47,637 [ERROR] LogOutputStream:75 - [STDERR_REDIRECT] WARNING: Could not open/create prefs root node Software\JavaSoft\Prefs at root 0xffffffff80000002. Windows RegCreateKeyEx(...) returned error code 5.
2025-11-30 10:22:47,637 [ERROR] LogOutputStream:75 - [STDERR_REDIRECT] 
2025-11-30 10:22:48,105 [INFO] MainUpdater:2872 - connection check result : 10
2025-11-30 10:22:48,106 [INFO] MainUpdater:289 - Updater Check For Update Now.
2025-11-30 10:22:48,106 [INFO] MicroXplorer:498 - Change Database Version : DB.6.0.150
2025-11-30 10:22:48,121 [INFO] McuFinderGlobals:63 - Set McuFinder mode to 2 (CubeIDE integrated)
2025-11-30 10:22:48,122 [INFO] UserAuth:171 - activating auth plugin
2025-11-30 10:22:48,125 [INFO] UserAuth:487 - Internet connection configuration mode: 1
2025-11-30 10:22:48,168 [INFO] JxBrowserEngine:152 - Initiate JxBrowser Engine with user profile folder
2025-11-30 10:22:48,305 [INFO] CheckServerUpdateThread:120 - End of CheckServer Thread
2025-11-30 10:22:50,536 [INFO] WebApp:169 - Instantiating new browser for Auth
2025-11-30 10:22:50,662 [WARN] PackLoader:240 - Cannot read IP mode file for STMicroelectronics.FP-SNS-MOTENVWB1.1.4.0
2025-11-30 10:22:50,676 [WARN] PackLoader:240 - Cannot read IP mode file for STMicroelectronics.FP-ATR-ASTRA1.2.0.2
2025-11-30 10:22:50,686 [WARN] PackLoader:240 - Cannot read IP mode file for STMicroelectronics.X-CUBE-SMBUS.2.1.0
2025-11-30 10:22:50,728 [WARN] PackLoader:240 - Cannot read IP mode file for STMicroelectronics.X-CUBE-AZRTOS-F7.1.1.0
2025-11-30 10:22:50,739 [WARN] PackLoader:240 - Cannot read IP mode file for Cesanta.I-CUBE-Mongoose.7.19.0
2025-11-30 10:22:50,746 [WARN] PackLoader:240 - Cannot read IP mode file for STMicroelectronics.FP-SNS-MOTENV1.5.1.0
2025-11-30 10:22:50,769 [WARN] PackLoader:240 - Cannot read IP mode file for WES.I-CUBE-Cesium.1.4.0
2025-11-30 10:22:50,801 [WARN] PackLoader:240 - Cannot read IP mode file for Infineon.AIROC-Wi-Fi-Bluetooth-STM32.1.7.1
2025-11-30 10:22:50,859 [WARN] PackLoader:240 - Cannot read IP mode file for STMicroelectronics.X-CUBE-AZRTOS-H7.3.4.0
2025-11-30 10:22:50,877 [WARN] PackLoader:240 - Cannot read IP mode file for STMicroelectronics.X-CUBE-DISPLAY.3.0.0
2025-11-30 10:22:50,893 [WARN] PackLoader:240 - Cannot read IP mode file for STMicroelectronics.X-CUBE-NFC10.1.0.0
2025-11-30 10:22:50,899 [WARN] PackLoader:240 - Cannot read IP mode file for STMicroelectronics.X-CUBE-ST60.1.1.0
2025-11-30 10:22:50,906 [WARN] PackLoader:240 - Cannot read IP mode file for emotas.I-CUBE-CANOPEN.1.3.0
2025-11-30 10:22:50,914 [WARN] PackLoader:240 - Cannot read IP mode file for STMicroelectronics.X-CUBE-GNSS1.7.1.0
2025-11-30 10:22:50,923 [WARN] PackLoader:240 - Cannot read IP mode file for STMicroelectronics.FP-SNS-STBOX1.2.1.0
2025-11-30 10:22:50,937 [WARN] PackLoader:240 - Cannot read IP mode file for STMicroelectronics.FP-SNS-SMARTAG2.1.2.0
2025-11-30 10:22:50,946 [WARN] PackLoader:240 - Cannot read IP mode file for STMicroelectronics.FP-SNS-FLIGHT1.5.1.0
2025-11-30 10:22:50,959 [INFO] LogOutputStream:77 - [STDOUT_REDIRECT] 1 : Invalid condition id : UX_CORESTACK_Condition cause : null
2025-11-30 10:22:50,961 [INFO] LogOutputStream:77 - [STDOUT_REDIRECT] 1 : Invalid condition id : UX_CORESTACK_Condition cause : null
2025-11-30 10:22:50,962 [INFO] LogOutputStream:77 - [STDOUT_REDIRECT] 1 : Invalid condition id : UX_CORESTACK_Condition cause : null
2025-11-30 10:22:50,963 [INFO] LogOutputStream:77 - [STDOUT_REDIRECT] 1 : Invalid condition id : UX_CORESTACK_Condition cause : null
2025-11-30 10:22:50,964 [INFO] LogOutputStream:77 - [STDOUT_REDIRECT] 1 : Invalid condition id : UX_CORESTACK_Condition cause : null
2025-11-30 10:22:50,967 [WARN] PackLoader:240 - Cannot read IP mode file for STMicroelectronics.X-CUBE-AZRTOS-WL.2.0.0
2025-11-30 10:22:50,983 [WARN] PackLoader:240 - Cannot read IP mode file for STMicroelectronics.X-CUBE-AZRTOS-H7RS.1.2.0
2025-11-30 10:22:50,993 [WARN] PackLoader:240 - Cannot read IP mode file for STMicroelectronics.X-CUBE-BLE2.3.3.0
2025-11-30 10:22:51,022 [WARN] PackLoader:240 - Cannot read IP mode file for STMicroelectronics.X-CUBE-NFC9.1.0.0
2025-11-30 10:22:51,030 [WARN] PackLoader:240 - Cannot read IP mode file for wolfSSL.I-CUBE-wolfSSL.5.8.2
2025-11-30 10:22:51,037 [WARN] PackLoader:240 - Cannot read IP mode file for STMicroelectronics.X-CUBE-BLE1.7.1.0
2025-11-30 10:22:51,044 [WARN] PackLoader:240 - Cannot read IP mode file for wolfSSL.I-CUBE-wolfMQTT.1.19.2
2025-11-30 10:22:51,051 [WARN] PackLoader:240 - Cannot read IP mode file for STMicroelectronics.X-CUBE-FREERTOS.1.4.0
2025-11-30 10:22:51,056 [WARN] PackLoader:240 - Cannot read IP mode file for STMicroelectronics.X-CUBE-EEPRMA1.5.2.0
2025-11-30 10:22:51,064 [WARN] PackLoader:240 - Cannot read IP mode file for STMicroelectronics.X-CUBE-ST67W61.1.1.0
2025-11-30 10:22:51,106 [WARN] PackLoader:240 - Cannot read IP mode file for STMicroelectronics.X-CUBE-MEMS1.12.0.0
2025-11-30 10:22:51,306 [WARN] PackLoader:240 - Cannot read IP mode file for STMicroelectronics.X-CUBE-AZRTOS-G0.1.1.0
2025-11-30 10:22:51,319 [WARN] PackLoader:240 - Cannot read IP mode file for STMicroelectronics.X-CUBE-NFC4.3.0.0
2025-11-30 10:22:51,331 [WARN] PackLoader:240 - Cannot read IP mode file for EmbeddedOffice.I-CUBE-FS-RTOS.1.0.1
2025-11-30 10:22:51,339 [WARN] PackLoader:240 - Cannot read IP mode file for STMicroelectronics.X-CUBE-WB05N.2.0.0
2025-11-30 10:22:51,347 [WARN] PackLoader:240 - Cannot read IP mode file for wolfSSL.I-CUBE-wolfTPM.3.8.0
2025-11-30 10:22:51,355 [WARN] PackLoader:240 - Cannot read IP mode file for STMicroelectronics.X-CUBE-TCPP.4.2.0
2025-11-30 10:22:51,368 [WARN] PackLoader:240 - Cannot read IP mode file for RealThread.X-CUBE-RT-Thread_Nano.4.1.1
2025-11-30 10:22:51,381 [WARN] PackLoader:240 - Cannot read IP mode file for STMicroelectronics.FP-ATR-SIGFOX1.3.2.0
2025-11-30 10:22:51,389 [WARN] PackLoader:240 - Cannot read IP mode file for ITTIA_DB.I-CUBE-ITTIADB.8.9.0
2025-11-30 10:22:51,396 [WARN] PackLoader:240 - Cannot read IP mode file for STMicroelectronics.X-CUBE-AI.10.2.0
2025-11-30 10:22:51,427 [WARN] PackLoader:240 - Cannot read IP mode file for SEGGER.I-CUBE-embOS.1.3.1
2025-11-30 10:22:51,495 [WARN] PackLoader:240 - Cannot read IP mode file for STMicroelectronics.X-CUBE-ALGOBUILD.1.4.0
2025-11-30 10:22:51,534 [WARN] PackLoader:240 - Cannot read IP mode file for STMicroelectronics.X-CUBE-MEMS1.11.3.0
2025-11-30 10:22:51,666 [WARN] PackLoader:240 - Cannot read IP mode file for STMicroelectronics.X-CUBE-PM33A1.1.0.0
2025-11-30 10:22:51,680 [WARN] PackLoader:240 - Cannot read IP mode file for STMicroelectronics.X-CUBE-AZRTOS-F4.1.1.0
2025-11-30 10:22:51,689 [WARN] PackLoader:240 - Cannot read IP mode file for STMicroelectronics.X-CUBE-ISPU.2.1.0
2025-11-30 10:22:51,702 [WARN] PackLoader:240 - Cannot read IP mode file for STMicroelectronics.X-CUBE-IPS.3.2.0
2025-11-30 10:22:51,717 [WARN] PackLoader:240 - Cannot read IP mode file for STMicroelectronics.X-CUBE-NFC12.1.0.0
2025-11-30 10:22:51,731 [WARN] PackLoader:240 - Cannot read IP mode file for STMicroelectronics.X-CUBE-AZRTOS-L5.2.0.0
2025-11-30 10:22:51,742 [WARN] PackLoader:240 - Cannot read IP mode file for STMicroelectronics.X-CUBE-NFC6.3.1.0
2025-11-30 10:22:51,748 [WARN] PackLoader:240 - Cannot read IP mode file for STMicroelectronics.X-CUBE-FREERTOS.1.3.1
2025-11-30 10:22:51,758 [WARN] PackLoader:240 - Cannot read IP mode file for STMicroelectronics.X-CUBE-TOUCHGFX.4.26.0
2025-11-30 10:22:51,763 [WARN] PackLoader:240 - Cannot read IP mode file for STMicroelectronics.FP-SNS-STAIOTCFT.1.0.0
2025-11-30 10:22:51,772 [WARN] PackLoader:240 - Cannot read IP mode file for STMicroelectronics.X-CUBE-DPower.1.3.0
2025-11-30 10:22:51,788 [WARN] ConditionMgr:438 - getConditionDescription Invalid condition id : LAN8742 Phy interface Condition cause : null
2025-11-30 10:22:51,789 [WARN] PackLoader:240 - Cannot read IP mode file for STMicroelectronics.X-CUBE-AZRTOS-L4.2.0.0
2025-11-30 10:22:51,789 [WARN] ConditionMgr:1044 - genDependencies : Invalid condition id : LAN8742 Phy interface Condition cause : null
2025-11-30 10:22:51,791 [WARN] ConditionMgr:1044 - genDependencies : Invalid condition id : LAN8742 Phy interface Condition cause : null
2025-11-30 10:22:51,791 [WARN] ConditionMgr:1044 - genDependencies : Invalid condition id : LAN8742 Phy interface Condition cause : null
2025-11-30 10:22:51,801 [WARN] PackLoader:240 - Cannot read IP mode file for STMicroelectronics.X-CUBE-SFXS2LP1.4.0.0
2025-11-30 10:22:51,821 [WARN] PackLoader:240 - Cannot read IP mode file for STMicroelectronics.X-CUBE-BLEMGR.4.1.0
2025-11-30 10:22:51,873 [WARN] ConditionMgr:438 - getConditionDescription Invalid condition id : UX DEVICE CLASS RTOS Condition cause : null
2025-11-30 10:22:51,874 [WARN] ConditionMgr:438 - getConditionDescription Invalid condition id : UX DEVICE CLASS RTOS Condition cause : null
2025-11-30 10:22:51,877 [WARN] PackLoader:240 - Cannot read IP mode file for STMicroelectronics.X-CUBE-AZRTOS-WB.2.0.0
2025-11-30 10:22:51,878 [WARN] ConditionMgr:1044 - genDependencies : Invalid condition id : UX DEVICE CLASS RTOS Condition cause : null
2025-11-30 10:22:51,879 [WARN] ConditionMgr:1044 - genDependencies : Invalid condition id : UX DEVICE CLASS RTOS Condition cause : null
2025-11-30 10:22:51,879 [WARN] ConditionMgr:1044 - genDependencies : Invalid condition id : UX DEVICE CLASS RTOS Condition cause : null
2025-11-30 10:22:51,879 [WARN] ConditionMgr:1044 - genDependencies : Invalid condition id : UX DEVICE CLASS RTOS Condition cause : null
2025-11-30 10:22:51,879 [WARN] ConditionMgr:1044 - genDependencies : Invalid condition id : UX DEVICE CLASS RTOS Condition cause : null
2025-11-30 10:22:51,927 [WARN] ConditionMgr:438 - getConditionDescription Invalid condition id : Cortex-A Device cause : null
2025-11-30 10:22:52,037 [WARN] ConditionMgr:1044 - genDependencies : Invalid condition id : Cortex-A Device cause : null
2025-11-30 10:22:52,038 [WARN] ConditionMgr:1044 - genDependencies : Invalid condition id : Cortex-A Device cause : null
2025-11-30 10:22:52,038 [WARN] ConditionMgr:1044 - genDependencies : Invalid condition id : Cortex-A Device cause : null
2025-11-30 10:22:52,057 [WARN] PackLoader:240 - Cannot read IP mode file for STMicroelectronics.X-CUBE-SUBG2.5.0.0
2025-11-30 10:22:52,098 [WARN] PackLoader:240 - Cannot read IP mode file for STMicroelectronics.X-CUBE-AZRTOS-H7RS.1.1.0
2025-11-30 10:22:52,126 [WARN] PackLoader:240 - Cannot read IP mode file for STMicroelectronics.X-CUBE-AZRTOS-G4.2.0.0
2025-11-30 10:22:52,171 [WARN] PackLoader:240 - Cannot read IP mode file for wolfSSL.I-CUBE-wolfSSH.1.4.20
2025-11-30 10:22:52,182 [WARN] PackLoader:240 - Cannot read IP mode file for STMicroelectronics.X-CUBE-NFC7.2.0.0
2025-11-30 10:22:52,191 [WARN] PackLoader:240 - Cannot read IP mode file for STMicroelectronics.X-CUBE-ALS.1.0.2
2025-11-30 10:22:52,199 [WARN] PackLoader:240 - Cannot read IP mode file for STMicroelectronics.X-CUBE-STSE01.1.0.0
2025-11-30 10:22:52,213 [WARN] PackLoader:240 - Cannot read IP mode file for STMicroelectronics.X-CUBE-TOF1.3.4.3
2025-11-30 10:22:52,220 [INFO] ThirdParty:978 - Integrity check success = true
2025-11-30 10:22:52,220 [INFO] IntegrityCheckThread:100 - exiting critical section [integrity check]
2025-11-30 10:22:52,220 [INFO] IntegrityCheckThread:103 - End integrity checks thread
2025-11-30 10:22:52,737 [INFO] WebApp:463 - Apply proxy settings
2025-11-30 10:22:52,739 [INFO] WebApp:548 - Chromium requires no authentication
2025-11-30 10:22:52,757 [INFO] WebApp:491 - Direct internet connection detected
2025-11-30 10:22:52,806 [INFO] WebApp:900 - Register for checkConnection events
2025-11-30 10:22:52,807 [INFO] WebApp:463 - Apply proxy settings
2025-11-30 10:22:52,807 [INFO] WebApp:548 - Chromium requires no authentication
2025-11-30 10:22:52,809 [INFO] WebApp:491 - Direct internet connection detected
2025-11-30 10:22:53,039 [INFO] WebApp:191 - Connection restablished
2025-11-30 10:22:53,140 [INFO] WebApp:225 - Starting web application
2025-11-30 10:22:53,140 [INFO] WebApp:593 - Web application path used C:\ST\STM32CubeIDE_1.19.0\STM32CubeIDE\plugins\com.st.stm32cube.common.mx_6.15.0.202507011659\db\plugins\mcufinder\reactClient1\index.html
2025-11-30 15:25:35,602 [INFO] WebApp:194 - Connection lost
2025-11-30 15:25:36,690 [INFO] WebApp:191 - Connection restablished
2025-11-30 15:25:59,664 [ERROR] LogOutputStream:75 - [STDERR_REDIRECT] 
2025-11-30 21:50:15,711 [INFO] Activator:176 - 


2025-11-30 21:50:15,720 [INFO] Activator:177 - !SESSION log4j initialized
2025-11-30 21:50:29,440 [INFO] LogOutputStream:77 - [STDOUT_REDIRECT] 
