2025-11-25 10:00:18,218 [INFO] Activator:176 - 


2025-11-25 10:00:18,229 [INFO] Activator:177 - !SESSION log4j initialized
2025-11-25 10:00:26,762 [INFO] LogOutputStream:77 - [STDOUT_REDIRECT] 
2025-11-25 10:00:28,073 [INFO] ApplicationProperties:184 - Using Application install path: C:\ST\STM32CubeIDE_1.19.0\STM32CubeIDE\plugins\com.st.stm32cube.common.mx_6.15.0.202507011659
2025-11-25 10:00:28,099 [INFO] DbMcusXml:78 - Set database path to: C:\ST\STM32CubeIDE_1.19.0\STM32CubeIDE\plugins\com.st.stm32cube.common.mx_6.15.0.202507011659\\db\/mcu/
2025-11-25 10:00:28,099 [INFO] ApiDb:274 - Set plugin database path to: C:\ST\STM32CubeIDE_1.19.0\STM32CubeIDE\plugins\com.st.stm32cube.common.mx_6.15.0.202507011659\\db\/plugins/boardmanager/
2025-11-25 10:00:28,100 [WARN] ApiDb:259 - Overriding images path with different value:  => C:\ST\STM32CubeIDE_1.19.0\STM32CubeIDE\plugins\com.st.stm32cube.common.mx_6.15.0.202507011659\\db\/plugins/mcufinder/images/
2025-11-25 10:00:28,110 [INFO] ApiDb:250 - Set database path to: C:\Users\felix\.stmcufinder\plugins\mcufinder//mcu/
2025-11-25 10:00:28,112 [INFO] DbMcusAds:125 - Set database path to: C:\Users\felix\.stmcufinder\plugins\mcufinder//mcu/
2025-11-25 10:00:28,115 [INFO] CrossReferenceDbSqlite:203 - Set database path to: C:\Users\felix\.stmcufinder\plugins\mcufinder//mcu/cs/
2025-11-25 10:00:28,276 [INFO] RulesReader:64 - Compatibility file has been processed (317 Rules)
2025-11-25 10:00:28,411 [INFO] DbMcusXml:78 - Set database path to: C:\ST\STM32CubeIDE_1.19.0\STM32CubeIDE\plugins\com.st.stm32cube.common.mx_6.15.0.202507011659\\db\/mcu/
2025-11-25 10:00:28,411 [INFO] ApiDb:274 - Set plugin database path to: C:\ST\STM32CubeIDE_1.19.0\STM32CubeIDE\plugins\com.st.stm32cube.common.mx_6.15.0.202507011659\\db\/plugins/boardmanager/
2025-11-25 10:00:28,411 [INFO] ApiDb:261 - Set plugin images path to: C:\ST\STM32CubeIDE_1.19.0\STM32CubeIDE\plugins\com.st.stm32cube.common.mx_6.15.0.202507011659\\db\/plugins/mcufinder/images/
2025-11-25 10:00:28,411 [WARN] DbFile:41 - Overriding database path with different value: C:\Users\felix\.stmcufinder\plugins\mcufinder/ => C:\Users\felix\.stmcufinder\plugins\mcufinder
2025-11-25 10:00:28,412 [INFO] ApiDb:250 - Set database path to: C:\Users\felix\.stmcufinder\plugins\mcufinder//mcu/
2025-11-25 10:00:28,412 [WARN] DbFile:41 - Overriding database path with different value: C:\Users\felix\.stmcufinder\plugins\mcufinder/ => C:\Users\felix\.stmcufinder\plugins\mcufinder
2025-11-25 10:00:28,412 [INFO] DbMcusAds:125 - Set database path to: C:\Users\felix\.stmcufinder\plugins\mcufinder//mcu/
2025-11-25 10:00:28,412 [WARN] DbFile:41 - Overriding database path with different value: C:\Users\felix\.stmcufinder\plugins\mcufinder/ => C:\Users\felix\.stmcufinder\plugins\mcufinder
2025-11-25 10:00:28,412 [WARN] DbFile:41 - Overriding database path with different value: C:\Users\felix\.stmcufinder\plugins\mcufinder/ => C:\Users\felix\.stmcufinder\plugins\mcufinder
2025-11-25 10:00:28,412 [INFO] CrossReferenceDbSqlite:203 - Set database path to: C:\Users\felix\.stmcufinder\plugins\mcufinder//mcu/cs/
2025-11-25 10:00:28,495 [INFO] MainPanel:274 - HeapMemory: 268435456
2025-11-25 10:00:28,644 [INFO] DbMcusXml:78 - Set database path to: C:\ST\STM32CubeIDE_1.19.0\STM32CubeIDE\plugins\com.st.stm32cube.common.mx_6.15.0.202507011659\\db\/mcu/
2025-11-25 10:00:28,644 [INFO] ApiDb:274 - Set plugin database path to: C:\ST\STM32CubeIDE_1.19.0\STM32CubeIDE\plugins\com.st.stm32cube.common.mx_6.15.0.202507011659\\db\/plugins/boardmanager/
2025-11-25 10:00:28,644 [INFO] ApiDb:261 - Set plugin images path to: C:\ST\STM32CubeIDE_1.19.0\STM32CubeIDE\plugins\com.st.stm32cube.common.mx_6.15.0.202507011659\\db\/plugins/mcufinder/images/
2025-11-25 10:00:28,646 [WARN] DbFile:41 - Overriding database path with different value: C:\Users\felix\.stmcufinder\plugins\mcufinder/ => C:\Users\felix\.stmcufinder\plugins\mcufinder
2025-11-25 10:00:28,646 [INFO] ApiDb:250 - Set database path to: C:\Users\felix\.stmcufinder\plugins\mcufinder//mcu/
2025-11-25 10:00:28,646 [WARN] DbFile:41 - Overriding database path with different value: C:\Users\felix\.stmcufinder\plugins\mcufinder/ => C:\Users\felix\.stmcufinder\plugins\mcufinder
2025-11-25 10:00:28,647 [INFO] DbMcusAds:125 - Set database path to: C:\Users\felix\.stmcufinder\plugins\mcufinder//mcu/
2025-11-25 10:00:28,647 [WARN] DbFile:41 - Overriding database path with different value: C:\Users\felix\.stmcufinder\plugins\mcufinder/ => C:\Users\felix\.stmcufinder\plugins\mcufinder
2025-11-25 10:00:28,647 [WARN] DbFile:41 - Overriding database path with different value: C:\Users\felix\.stmcufinder\plugins\mcufinder/ => C:\Users\felix\.stmcufinder\plugins\mcufinder
2025-11-25 10:00:28,647 [INFO] CrossReferenceDbSqlite:203 - Set database path to: C:\Users\felix\.stmcufinder\plugins\mcufinder//mcu/cs/
2025-11-25 10:00:28,667 [INFO] ApplicationProperties:184 - Using Application install path: C:\ST\STM32CubeIDE_1.19.0\STM32CubeIDE\plugins\com.st.stm32cube.common.mx_6.15.0.202507011659
2025-11-25 10:00:28,668 [INFO] PluginManage:196 - Search for loadable plugins [exclusion list=, ]
2025-11-25 10:00:28,669 [INFO] PluginManage:310 - Check plugin analytics
2025-11-25 10:00:28,882 [INFO] AnalyticsPlugin:253 - Accepted Software Licenses: 
2025-11-25 10:00:28,882 [INFO] AnalyticsPlugin:255 - Accepted CMSIS Pack Licenses: 
2025-11-25 10:00:28,883 [INFO] AnalyticsPlugin:257 - Accepted Firmware Licenses: 
2025-11-25 10:00:28,886 [INFO] PluginManage:359 - Loaded plugin analytics (category:tool,tabindex:-1)
2025-11-25 10:00:28,888 [INFO] PluginManage:310 - Check plugin cadmodel
2025-11-25 10:00:28,896 [INFO] CADModel:105 - Init CAD model plugin
2025-11-25 10:00:28,897 [INFO] PluginManage:359 - Loaded plugin cadmodel (category:power,tabindex:5)
2025-11-25 10:00:28,897 [INFO] PluginManage:310 - Check plugin clock
2025-11-25 10:00:28,909 [INFO] PluginManage:359 - Loaded plugin clock (category:base,tabindex:2)
2025-11-25 10:00:28,910 [INFO] PluginManage:310 - Check plugin ddr
2025-11-25 10:00:28,914 [INFO] PluginManage:359 - Loaded plugin ddr (category:tool,tabindex:6)
2025-11-25 10:00:28,915 [INFO] PluginManage:310 - Check plugin filemanager
2025-11-25 10:00:29,086 [INFO] PluginManage:359 - Loaded plugin filemanager (category:base,tabindex:10)
2025-11-25 10:00:29,086 [INFO] PluginManage:310 - Check plugin ipmanager
2025-11-25 10:00:29,094 [INFO] PluginManage:359 - Loaded plugin ipmanager (category:base,tabindex:5)
2025-11-25 10:00:29,094 [INFO] PluginManage:310 - Check plugin lpbam
2025-11-25 10:00:29,107 [INFO] PluginManage:359 - Loaded plugin lpbam (category:base,tabindex:0)
2025-11-25 10:00:29,107 [INFO] PluginManage:310 - Check plugin memorymap
2025-11-25 10:00:29,127 [INFO] PluginManage:359 - Loaded plugin memorymap (category:base,tabindex:4)
2025-11-25 10:00:29,127 [INFO] PluginManage:310 - Check plugin pinoutandconfiguration
2025-11-25 10:00:29,137 [INFO] PluginManage:359 - Loaded plugin pinoutandconfiguration (category:base,tabindex:1)
2025-11-25 10:00:29,137 [INFO] PluginManage:310 - Check plugin pinoutconfig
2025-11-25 10:00:29,221 [WARN] SupportedApi:132 - Cannot load RTOS API schema: s4s-elt-must-match.1: The content of 'definitions' must match (annotation?, (simpleType | complexType)?, (unique | key | keyref)*)). A problem was found starting at: attribute.
2025-11-25 10:00:29,358 [INFO] PluginManage:359 - Loaded plugin pinoutconfig (category:base,tabindex:0)
2025-11-25 10:00:29,358 [INFO] PluginManage:310 - Check plugin power
2025-11-25 10:00:29,369 [INFO] PluginManage:359 - Loaded plugin power (category:power,tabindex:4)
2025-11-25 10:00:29,370 [INFO] PluginManage:310 - Check plugin projectmanager
2025-11-25 10:00:29,389 [INFO] PluginManage:359 - Loaded plugin projectmanager (category:projectmanager,tabindex:4)
2025-11-25 10:00:29,389 [INFO] PluginManage:310 - Check plugin rif
2025-11-25 10:00:29,406 [INFO] PluginManage:359 - Loaded plugin rif (category:base,tabindex:3)
2025-11-25 10:00:29,406 [INFO] PluginManage:310 - Check plugin thirdparty
2025-11-25 10:00:29,613 [INFO] PluginManage:359 - Loaded plugin thirdparty (category:base,tabindex:-1)
2025-11-25 10:00:29,613 [WARN] IntegrityCheckThread:84 - waiting for thirdparty lock release [integrity check]
2025-11-25 10:00:29,613 [INFO] PluginManage:310 - Check plugin tools
2025-11-25 10:00:29,613 [INFO] IntegrityCheckThread:86 - entering critical section [integrity check]
2025-11-25 10:00:29,615 [INFO] ThirdPartyUpdaterWithRetryManager:70 - Updater plugin not ready yet. [1/15]
2025-11-25 10:00:29,619 [INFO] PluginManage:359 - Loaded plugin tools (category:base,tabindex:7)
2025-11-25 10:00:29,619 [INFO] PluginManage:310 - Check plugin tutovideos
2025-11-25 10:00:29,854 [INFO] PluginManage:359 - Loaded plugin tutovideos (category:base,tabindex:-1)
2025-11-25 10:00:29,854 [INFO] PluginManage:310 - Check plugin updater
2025-11-25 10:00:29,873 [INFO] PluginManage:359 - Loaded plugin updater (category:base,tabindex:12)
2025-11-25 10:00:29,874 [INFO] PluginManage:310 - Check plugin userauth
2025-11-25 10:00:29,879 [INFO] UserAuth:118 - Init User Auth plugin
2025-11-25 10:00:29,879 [INFO] PluginManage:359 - Loaded plugin userauth (category:base,tabindex:14)
2025-11-25 10:00:29,880 [INFO] PluginManage:283 - PluginManage : Loaded plugins [18]
2025-11-25 10:00:30,075 [INFO] PinOutPanel:1589 - setPackage(No Configuration,No Configuration)
2025-11-25 10:00:30,161 [INFO] CADModel:165 - CPN selected for project level
2025-11-25 10:00:30,161 [INFO] CADModel:114 - Register for checkConnection events
2025-11-25 10:00:30,202 [INFO] IPUIPlugin:80 - create IPUIPlugin
2025-11-25 10:00:30,202 [INFO] PluginManager:220 - loadIPPluginJar : add adc
2025-11-25 10:00:30,209 [INFO] IPUIPlugin:80 - create IPUIPlugin
2025-11-25 10:00:30,209 [INFO] PluginManager:220 - loadIPPluginJar : add aes
2025-11-25 10:00:30,217 [INFO] IPUIPlugin:80 - create IPUIPlugin
2025-11-25 10:00:30,218 [INFO] PluginManager:220 - loadIPPluginJar : add can
2025-11-25 10:00:30,222 [INFO] IPUIPlugin:80 - create IPUIPlugin
2025-11-25 10:00:30,222 [INFO] PluginManager:220 - loadIPPluginJar : add comp
2025-11-25 10:00:30,224 [INFO] IPUIPlugin:80 - create IPUIPlugin
2025-11-25 10:00:30,225 [INFO] PluginManager:220 - loadIPPluginJar : add cryp
2025-11-25 10:00:30,230 [INFO] IPUIPlugin:80 - create IPUIPlugin
2025-11-25 10:00:30,230 [INFO] PluginManager:220 - loadIPPluginJar : add ddr_ctrl_phy
2025-11-25 10:00:30,233 [INFO] IPUIPlugin:80 - create IPUIPlugin
2025-11-25 10:00:30,233 [INFO] PluginManager:220 - loadIPPluginJar : add dfsdm
2025-11-25 10:00:30,240 [INFO] IPUIPlugin:80 - create IPUIPlugin
2025-11-25 10:00:30,240 [INFO] PluginManager:220 - loadIPPluginJar : add dma
2025-11-25 10:00:30,243 [INFO] IPUIPlugin:80 - create IPUIPlugin
2025-11-25 10:00:30,243 [INFO] PluginManager:220 - loadIPPluginJar : add dma3
2025-11-25 10:00:30,246 [INFO] IPUIPlugin:80 - create IPUIPlugin
2025-11-25 10:00:30,246 [INFO] PluginManager:220 - loadIPPluginJar : add extmemmanager
2025-11-25 10:00:30,248 [INFO] IPUIPlugin:80 - create IPUIPlugin
2025-11-25 10:00:30,248 [INFO] PluginManager:220 - loadIPPluginJar : add fatfs
2025-11-25 10:00:30,253 [INFO] IPUIPlugin:80 - create IPUIPlugin
2025-11-25 10:00:30,253 [INFO] PluginManager:220 - loadIPPluginJar : add fmc
2025-11-25 10:00:30,259 [INFO] IPUIPlugin:80 - create IPUIPlugin
2025-11-25 10:00:30,259 [INFO] PluginManager:220 - loadIPPluginJar : add freertos
2025-11-25 10:00:30,261 [INFO] IPUIPlugin:80 - create IPUIPlugin
2025-11-25 10:00:30,261 [INFO] PluginManager:220 - loadIPPluginJar : add genericplugin
2025-11-25 10:00:30,263 [INFO] IPUIPlugin:80 - create IPUIPlugin
2025-11-25 10:00:30,263 [INFO] PluginManager:220 - loadIPPluginJar : add gfxmmu
2025-11-25 10:00:30,269 [INFO] IPUIPlugin:80 - create IPUIPlugin
2025-11-25 10:00:30,269 [INFO] PluginManager:220 - loadIPPluginJar : add gic
2025-11-25 10:00:30,276 [INFO] IPUIPlugin:80 - create IPUIPlugin
2025-11-25 10:00:30,276 [INFO] PluginManager:220 - loadIPPluginJar : add gpio
2025-11-25 10:00:30,280 [INFO] IPUIPlugin:80 - create IPUIPlugin
2025-11-25 10:00:30,281 [INFO] PluginManager:220 - loadIPPluginJar : add gtzc
2025-11-25 10:00:30,287 [INFO] IPUIPlugin:80 - create IPUIPlugin
2025-11-25 10:00:30,287 [INFO] PluginManager:220 - loadIPPluginJar : add hash
2025-11-25 10:00:30,292 [INFO] IPUIPlugin:80 - create IPUIPlugin
2025-11-25 10:00:30,293 [INFO] PluginManager:220 - loadIPPluginJar : add i2c
2025-11-25 10:00:30,297 [INFO] IPUIPlugin:80 - create IPUIPlugin
2025-11-25 10:00:30,298 [INFO] PluginManager:220 - loadIPPluginJar : add i2s
2025-11-25 10:00:30,305 [INFO] IPUIPlugin:80 - create IPUIPlugin
2025-11-25 10:00:30,305 [INFO] PluginManager:220 - loadIPPluginJar : add i3c
2025-11-25 10:00:30,312 [INFO] IPUIPlugin:80 - create IPUIPlugin
2025-11-25 10:00:30,313 [INFO] PluginManager:220 - loadIPPluginJar : add ipddr
2025-11-25 10:00:30,325 [INFO] IPUIPlugin:80 - create IPUIPlugin
2025-11-25 10:00:30,326 [INFO] PluginManager:220 - loadIPPluginJar : add linkedlist
2025-11-25 10:00:30,330 [INFO] IPUIPlugin:80 - create IPUIPlugin
2025-11-25 10:00:30,331 [INFO] PluginManager:220 - loadIPPluginJar : add lorawan
2025-11-25 10:00:30,333 [INFO] IPUIPlugin:80 - create IPUIPlugin
2025-11-25 10:00:30,334 [INFO] PluginManager:220 - loadIPPluginJar : add ltdc
2025-11-25 10:00:30,342 [INFO] IPUIPlugin:80 - create IPUIPlugin
2025-11-25 10:00:30,342 [INFO] PluginManager:220 - loadIPPluginJar : add mdma
2025-11-25 10:00:30,347 [INFO] IPUIPlugin:80 - create IPUIPlugin
2025-11-25 10:00:30,347 [INFO] PluginManager:220 - loadIPPluginJar : add nvic
2025-11-25 10:00:30,352 [INFO] IPUIPlugin:80 - create IPUIPlugin
2025-11-25 10:00:30,353 [INFO] PluginManager:220 - loadIPPluginJar : add opamp
2025-11-25 10:00:30,356 [INFO] IPUIPlugin:80 - create IPUIPlugin
2025-11-25 10:00:30,357 [INFO] PluginManager:220 - loadIPPluginJar : add openamp
2025-11-25 10:00:30,362 [INFO] IPUIPlugin:80 - create IPUIPlugin
2025-11-25 10:00:30,362 [INFO] PluginManager:220 - loadIPPluginJar : add pdm2pcm
2025-11-25 10:00:30,371 [INFO] IPUIPlugin:80 - create IPUIPlugin
2025-11-25 10:00:30,374 [INFO] PluginManager:220 - loadIPPluginJar : add plateformsettings
2025-11-25 10:00:30,377 [INFO] IPUIPlugin:80 - create IPUIPlugin
2025-11-25 10:00:30,378 [INFO] PluginManager:220 - loadIPPluginJar : add quadspi
2025-11-25 10:00:30,380 [INFO] IPUIPlugin:80 - create IPUIPlugin
2025-11-25 10:00:30,381 [INFO] PluginManager:220 - loadIPPluginJar : add radio
2025-11-25 10:00:30,386 [INFO] IPUIPlugin:80 - create IPUIPlugin
2025-11-25 10:00:30,386 [INFO] PluginManager:220 - loadIPPluginJar : add resmgrutility
2025-11-25 10:00:30,394 [INFO] IPUIPlugin:80 - create IPUIPlugin
2025-11-25 10:00:30,394 [INFO] PluginManager:220 - loadIPPluginJar : add sai
2025-11-25 10:00:30,399 [INFO] IPUIPlugin:80 - create IPUIPlugin
2025-11-25 10:00:30,400 [INFO] PluginManager:220 - loadIPPluginJar : add spi
2025-11-25 10:00:30,409 [INFO] IPUIPlugin:80 - create IPUIPlugin
2025-11-25 10:00:30,409 [INFO] PluginManager:220 - loadIPPluginJar : add stm32_wpan
2025-11-25 10:00:30,413 [INFO] IPUIPlugin:80 - create IPUIPlugin
2025-11-25 10:00:30,413 [INFO] PluginManager:220 - loadIPPluginJar : add tim
2025-11-25 10:00:30,419 [INFO] IPUIPlugin:80 - create IPUIPlugin
2025-11-25 10:00:30,419 [INFO] PluginManager:220 - loadIPPluginJar : add touchsensing
2025-11-25 10:00:30,422 [INFO] IPUIPlugin:80 - create IPUIPlugin
2025-11-25 10:00:30,423 [INFO] PluginManager:220 - loadIPPluginJar : add tracer_emb
2025-11-25 10:00:30,427 [INFO] IPUIPlugin:80 - create IPUIPlugin
2025-11-25 10:00:30,427 [INFO] PluginManager:220 - loadIPPluginJar : add ts
2025-11-25 10:00:30,429 [INFO] IPUIPlugin:80 - create IPUIPlugin
2025-11-25 10:00:30,429 [INFO] PluginManager:220 - loadIPPluginJar : add tsc
2025-11-25 10:00:30,432 [INFO] IPUIPlugin:80 - create IPUIPlugin
2025-11-25 10:00:30,432 [INFO] PluginManager:220 - loadIPPluginJar : add ucpd
2025-11-25 10:00:30,435 [INFO] IPUIPlugin:80 - create IPUIPlugin
2025-11-25 10:00:30,436 [INFO] PluginManager:220 - loadIPPluginJar : add usart
2025-11-25 10:00:30,440 [INFO] IPUIPlugin:80 - create IPUIPlugin
2025-11-25 10:00:30,440 [INFO] PluginManager:220 - loadIPPluginJar : add usbx
2025-11-25 10:00:30,612 [FATAL] Updater:351 - Updater called before beeing initialized
2025-11-25 10:00:30,657 [INFO] RulesReader:64 - Compatibility file has been processed (317 Rules)
2025-11-25 10:00:30,667 [INFO] RulesReader:64 - Compatibility file has been processed (317 Rules)
2025-11-25 10:00:30,679 [INFO] CADModel:165 - CPN selected for project level
2025-11-25 10:00:30,679 [INFO] CADModel:114 - Register for checkConnection events
2025-11-25 10:00:30,680 [FATAL] Updater:351 - Updater called before beeing initialized
2025-11-25 10:00:30,680 [ERROR] CADModel:125 - Updater not yet initialized, retry later 
2025-11-25 10:00:30,877 [FATAL] Updater:351 - Updater called before beeing initialized
2025-11-25 10:00:30,880 [INFO] CADModel:165 - CPN selected for project level
2025-11-25 10:00:30,880 [INFO] CADModel:114 - Register for checkConnection events
2025-11-25 10:00:30,880 [FATAL] Updater:351 - Updater called before beeing initialized
2025-11-25 10:00:30,880 [ERROR] CADModel:125 - Updater not yet initialized, retry later 
2025-11-25 10:00:30,884 [FATAL] Updater:351 - Updater called before beeing initialized
2025-11-25 10:00:31,021 [FATAL] Updater:351 - Updater called before beeing initialized
2025-11-25 10:00:31,026 [INFO] DbMcusAds:53 - JSON generation date=Mon Nov 10 16:13:01 IST 2025 (1762771381096)
2025-11-25 10:00:31,026 [FATAL] Updater:351 - Updater called before beeing initialized
2025-11-25 10:00:31,059 [WARN] DetailPanel:346 - Failed to get advertising image, set to default
2025-11-25 10:00:31,125 [FATAL] Updater:351 - Updater called before beeing initialized
2025-11-25 10:00:31,127 [FATAL] Updater:351 - Updater called before beeing initialized
2025-11-25 10:00:31,127 [FATAL] Updater:351 - Updater called before beeing initialized
2025-11-25 10:00:31,127 [WARN] DetailPanel:346 - Failed to get advertising image, set to default
2025-11-25 10:00:31,128 [FATAL] Updater:351 - Updater called before beeing initialized
2025-11-25 10:00:31,171 [ERROR] Updater:1198 - MainUpdater not yet initialized. External WinMGr cannot be set.
2025-11-25 10:00:31,173 [INFO] Updater:1134 - Updater Version found : 6.15.0
2025-11-25 10:00:31,193 [INFO] ApplicationProperties:184 - Using Application install path: C:\ST\STM32CubeIDE_1.19.0\STM32CubeIDE\plugins\com.st.stm32cube.common.mx_6.15.0.202507011659
2025-11-25 10:00:32,629 [INFO] ThirdPartyUpdaterWithRetryManager:70 - Updater plugin not ready yet. [2/15]
2025-11-25 10:00:32,791 [ERROR] LogOutputStream:75 - [STDERR_REDIRECT] Nov 25, 2025 10:00:32 AM java.util.prefs.WindowsPreferences <init>
2025-11-25 10:00:32,793 [ERROR] LogOutputStream:75 - [STDERR_REDIRECT] WARNING: Could not open/create prefs root node Software\JavaSoft\Prefs at root 0xffffffff80000002. Windows RegCreateKeyEx(...) returned error code 5.
2025-11-25 10:00:32,793 [ERROR] LogOutputStream:75 - [STDERR_REDIRECT] 
2025-11-25 10:00:33,105 [INFO] MainUpdater:2872 - connection check result : 10
2025-11-25 10:00:33,105 [INFO] MainUpdater:289 - Updater Check For Update Now.
2025-11-25 10:00:33,105 [INFO] MicroXplorer:498 - Change Database Version : DB.6.0.150
2025-11-25 10:00:33,117 [INFO] McuFinderGlobals:63 - Set McuFinder mode to 2 (CubeIDE integrated)
2025-11-25 10:00:33,118 [INFO] UserAuth:171 - activating auth plugin
2025-11-25 10:00:33,121 [INFO] UserAuth:487 - Internet connection configuration mode: 1
2025-11-25 10:00:33,153 [INFO] JxBrowserEngine:152 - Initiate JxBrowser Engine with user profile folder
2025-11-25 10:00:33,267 [INFO] CheckServerUpdateThread:120 - End of CheckServer Thread
2025-11-25 10:00:34,005 [INFO] WebApp:169 - Instantiating new browser for Auth
2025-11-25 10:00:34,758 [INFO] WebApp:463 - Apply proxy settings
2025-11-25 10:00:34,759 [INFO] WebApp:548 - Chromium requires no authentication
2025-11-25 10:00:34,770 [INFO] WebApp:491 - Direct internet connection detected
2025-11-25 10:00:34,814 [INFO] WebApp:900 - Register for checkConnection events
2025-11-25 10:00:34,814 [INFO] WebApp:463 - Apply proxy settings
2025-11-25 10:00:34,814 [INFO] WebApp:548 - Chromium requires no authentication
2025-11-25 10:00:34,816 [INFO] WebApp:491 - Direct internet connection detected
2025-11-25 10:00:35,006 [INFO] WebApp:191 - Connection restablished
2025-11-25 10:00:35,013 [INFO] WebApp:225 - Starting web application
2025-11-25 10:00:35,013 [INFO] WebApp:593 - Web application path used C:\ST\STM32CubeIDE_1.19.0\STM32CubeIDE\plugins\com.st.stm32cube.common.mx_6.15.0.202507011659\db\plugins\mcufinder\reactClient1\index.html
2025-11-25 10:00:36,206 [WARN] PackLoader:240 - Cannot read IP mode file for STMicroelectronics.FP-SNS-MOTENVWB1.1.4.0
2025-11-25 10:00:36,215 [WARN] PackLoader:240 - Cannot read IP mode file for STMicroelectronics.FP-ATR-ASTRA1.2.0.2
2025-11-25 10:00:36,228 [WARN] PackLoader:240 - Cannot read IP mode file for STMicroelectronics.X-CUBE-SMBUS.2.1.0
2025-11-25 10:00:36,264 [WARN] PackLoader:240 - Cannot read IP mode file for STMicroelectronics.X-CUBE-AZRTOS-F7.1.1.0
2025-11-25 10:00:36,274 [WARN] PackLoader:240 - Cannot read IP mode file for Cesanta.I-CUBE-Mongoose.7.19.0
2025-11-25 10:00:36,283 [WARN] PackLoader:240 - Cannot read IP mode file for STMicroelectronics.FP-SNS-MOTENV1.5.1.0
2025-11-25 10:00:36,310 [WARN] PackLoader:240 - Cannot read IP mode file for WES.I-CUBE-Cesium.1.4.0
2025-11-25 10:00:36,369 [WARN] PackLoader:240 - Cannot read IP mode file for Infineon.AIROC-Wi-Fi-Bluetooth-STM32.1.7.1
2025-11-25 10:00:36,474 [WARN] PackLoader:240 - Cannot read IP mode file for STMicroelectronics.X-CUBE-AZRTOS-H7.3.4.0
2025-11-25 10:00:36,507 [WARN] PackLoader:240 - Cannot read IP mode file for STMicroelectronics.X-CUBE-DISPLAY.3.0.0
2025-11-25 10:00:36,535 [WARN] PackLoader:240 - Cannot read IP mode file for STMicroelectronics.X-CUBE-NFC10.1.0.0
2025-11-25 10:00:36,552 [WARN] PackLoader:240 - Cannot read IP mode file for STMicroelectronics.X-CUBE-ST60.1.1.0
2025-11-25 10:00:36,564 [WARN] PackLoader:240 - Cannot read IP mode file for emotas.I-CUBE-CANOPEN.1.3.0
2025-11-25 10:00:36,576 [WARN] PackLoader:240 - Cannot read IP mode file for STMicroelectronics.X-CUBE-GNSS1.7.1.0
2025-11-25 10:00:36,590 [WARN] PackLoader:240 - Cannot read IP mode file for STMicroelectronics.FP-SNS-STBOX1.2.1.0
2025-11-25 10:00:36,600 [WARN] PackLoader:240 - Cannot read IP mode file for STMicroelectronics.FP-SNS-SMARTAG2.1.2.0
2025-11-25 10:00:36,609 [WARN] PackLoader:240 - Cannot read IP mode file for STMicroelectronics.FP-SNS-FLIGHT1.5.1.0
2025-11-25 10:00:36,623 [INFO] LogOutputStream:77 - [STDOUT_REDIRECT] 1 : Invalid condition id : UX_CORESTACK_Condition cause : null
2025-11-25 10:00:36,624 [INFO] LogOutputStream:77 - [STDOUT_REDIRECT] 1 : Invalid condition id : UX_CORESTACK_Condition cause : null
2025-11-25 10:00:36,625 [INFO] LogOutputStream:77 - [STDOUT_REDIRECT] 1 : Invalid condition id : UX_CORESTACK_Condition cause : null
2025-11-25 10:00:36,625 [INFO] LogOutputStream:77 - [STDOUT_REDIRECT] 1 : Invalid condition id : UX_CORESTACK_Condition cause : null
2025-11-25 10:00:36,626 [INFO] LogOutputStream:77 - [STDOUT_REDIRECT] 1 : Invalid condition id : UX_CORESTACK_Condition cause : null
2025-11-25 10:00:36,629 [WARN] PackLoader:240 - Cannot read IP mode file for STMicroelectronics.X-CUBE-AZRTOS-WL.2.0.0
2025-11-25 10:00:36,644 [WARN] PackLoader:240 - Cannot read IP mode file for STMicroelectronics.X-CUBE-BLE2.3.3.0
2025-11-25 10:00:36,685 [WARN] PackLoader:240 - Cannot read IP mode file for STMicroelectronics.X-CUBE-NFC9.1.0.0
2025-11-25 10:00:36,692 [WARN] PackLoader:240 - Cannot read IP mode file for wolfSSL.I-CUBE-wolfSSL.5.8.2
2025-11-25 10:00:36,698 [WARN] PackLoader:240 - Cannot read IP mode file for STMicroelectronics.X-CUBE-BLE1.7.1.0
2025-11-25 10:00:36,701 [WARN] PackLoader:240 - Cannot read IP mode file for wolfSSL.I-CUBE-wolfMQTT.1.19.2
2025-11-25 10:00:36,709 [WARN] PackLoader:240 - Cannot read IP mode file for STMicroelectronics.X-CUBE-EEPRMA1.5.2.0
2025-11-25 10:00:36,718 [WARN] PackLoader:240 - Cannot read IP mode file for STMicroelectronics.X-CUBE-ST67W61.1.1.0
2025-11-25 10:00:36,730 [WARN] PackLoader:240 - Cannot read IP mode file for STMicroelectronics.X-CUBE-AZRTOS-G0.1.1.0
2025-11-25 10:00:36,737 [WARN] PackLoader:240 - Cannot read IP mode file for STMicroelectronics.X-CUBE-NFC4.3.0.0
2025-11-25 10:00:36,748 [WARN] PackLoader:240 - Cannot read IP mode file for EmbeddedOffice.I-CUBE-FS-RTOS.1.0.1
2025-11-25 10:00:36,754 [WARN] PackLoader:240 - Cannot read IP mode file for STMicroelectronics.X-CUBE-WB05N.2.0.0
2025-11-25 10:00:36,759 [WARN] PackLoader:240 - Cannot read IP mode file for wolfSSL.I-CUBE-wolfTPM.3.8.0
2025-11-25 10:00:36,766 [WARN] PackLoader:240 - Cannot read IP mode file for STMicroelectronics.X-CUBE-TCPP.4.2.0
2025-11-25 10:00:36,774 [WARN] PackLoader:240 - Cannot read IP mode file for RealThread.X-CUBE-RT-Thread_Nano.4.1.1
2025-11-25 10:00:36,777 [WARN] PackLoader:240 - Cannot read IP mode file for STMicroelectronics.FP-ATR-SIGFOX1.3.2.0
2025-11-25 10:00:36,783 [WARN] PackLoader:240 - Cannot read IP mode file for ITTIA_DB.I-CUBE-ITTIADB.8.9.0
2025-11-25 10:00:36,788 [WARN] PackLoader:240 - Cannot read IP mode file for STMicroelectronics.X-CUBE-AI.10.2.0
2025-11-25 10:00:36,813 [WARN] PackLoader:240 - Cannot read IP mode file for SEGGER.I-CUBE-embOS.1.3.1
2025-11-25 10:00:36,860 [WARN] PackLoader:240 - Cannot read IP mode file for STMicroelectronics.X-CUBE-ALGOBUILD.1.4.0
2025-11-25 10:00:36,892 [WARN] PackLoader:240 - Cannot read IP mode file for STMicroelectronics.X-CUBE-MEMS1.11.3.0
2025-11-25 10:00:36,998 [WARN] PackLoader:240 - Cannot read IP mode file for STMicroelectronics.X-CUBE-PM33A1.1.0.0
2025-11-25 10:00:37,012 [WARN] PackLoader:240 - Cannot read IP mode file for STMicroelectronics.X-CUBE-AZRTOS-F4.1.1.0
2025-11-25 10:00:37,019 [WARN] PackLoader:240 - Cannot read IP mode file for STMicroelectronics.X-CUBE-ISPU.2.1.0
2025-11-25 10:00:37,031 [WARN] PackLoader:240 - Cannot read IP mode file for STMicroelectronics.X-CUBE-IPS.3.2.0
2025-11-25 10:00:37,040 [WARN] PackLoader:240 - Cannot read IP mode file for STMicroelectronics.X-CUBE-NFC12.1.0.0
2025-11-25 10:00:37,054 [WARN] PackLoader:240 - Cannot read IP mode file for STMicroelectronics.X-CUBE-AZRTOS-L5.2.0.0
2025-11-25 10:00:37,063 [WARN] PackLoader:240 - Cannot read IP mode file for STMicroelectronics.X-CUBE-NFC6.3.1.0
2025-11-25 10:00:37,074 [WARN] PackLoader:240 - Cannot read IP mode file for STMicroelectronics.X-CUBE-FREERTOS.1.3.1
2025-11-25 10:00:37,083 [WARN] PackLoader:240 - Cannot read IP mode file for STMicroelectronics.X-CUBE-TOUCHGFX.4.26.0
2025-11-25 10:00:37,089 [WARN] PackLoader:240 - Cannot read IP mode file for STMicroelectronics.FP-SNS-STAIOTCFT.1.0.0
2025-11-25 10:00:37,097 [WARN] PackLoader:240 - Cannot read IP mode file for STMicroelectronics.X-CUBE-DPower.1.3.0
2025-11-25 10:00:37,110 [WARN] ConditionMgr:438 - getConditionDescription Invalid condition id : LAN8742 Phy interface Condition cause : null
2025-11-25 10:00:37,111 [WARN] PackLoader:240 - Cannot read IP mode file for STMicroelectronics.X-CUBE-AZRTOS-L4.2.0.0
2025-11-25 10:00:37,112 [WARN] ConditionMgr:1044 - genDependencies : Invalid condition id : LAN8742 Phy interface Condition cause : null
2025-11-25 10:00:37,113 [WARN] ConditionMgr:1044 - genDependencies : Invalid condition id : LAN8742 Phy interface Condition cause : null
2025-11-25 10:00:37,114 [WARN] ConditionMgr:1044 - genDependencies : Invalid condition id : LAN8742 Phy interface Condition cause : null
2025-11-25 10:00:37,123 [WARN] PackLoader:240 - Cannot read IP mode file for STMicroelectronics.X-CUBE-SFXS2LP1.4.0.0
2025-11-25 10:00:37,137 [WARN] PackLoader:240 - Cannot read IP mode file for STMicroelectronics.X-CUBE-BLEMGR.4.1.0
2025-11-25 10:00:37,158 [WARN] ConditionMgr:438 - getConditionDescription Invalid condition id : UX DEVICE CLASS RTOS Condition cause : null
2025-11-25 10:00:37,159 [WARN] ConditionMgr:438 - getConditionDescription Invalid condition id : UX DEVICE CLASS RTOS Condition cause : null
2025-11-25 10:00:37,162 [WARN] PackLoader:240 - Cannot read IP mode file for STMicroelectronics.X-CUBE-AZRTOS-WB.2.0.0
2025-11-25 10:00:37,164 [WARN] ConditionMgr:1044 - genDependencies : Invalid condition id : UX DEVICE CLASS RTOS Condition cause : null
2025-11-25 10:00:37,164 [WARN] ConditionMgr:1044 - genDependencies : Invalid condition id : UX DEVICE CLASS RTOS Condition cause : null
2025-11-25 10:00:37,165 [WARN] ConditionMgr:1044 - genDependencies : Invalid condition id : UX DEVICE CLASS RTOS Condition cause : null
2025-11-25 10:00:37,165 [WARN] ConditionMgr:1044 - genDependencies : Invalid condition id : UX DEVICE CLASS RTOS Condition cause : null
2025-11-25 10:00:37,165 [WARN] ConditionMgr:1044 - genDependencies : Invalid condition id : UX DEVICE CLASS RTOS Condition cause : null
2025-11-25 10:00:37,179 [WARN] ConditionMgr:438 - getConditionDescription Invalid condition id : Cortex-A Device cause : null
2025-11-25 10:00:37,195 [WARN] ConditionMgr:1044 - genDependencies : Invalid condition id : Cortex-A Device cause : null
2025-11-25 10:00:37,196 [WARN] ConditionMgr:1044 - genDependencies : Invalid condition id : Cortex-A Device cause : null
2025-11-25 10:00:37,197 [WARN] ConditionMgr:1044 - genDependencies : Invalid condition id : Cortex-A Device cause : null
2025-11-25 10:00:37,211 [WARN] PackLoader:240 - Cannot read IP mode file for STMicroelectronics.X-CUBE-SUBG2.5.0.0
2025-11-25 10:00:37,311 [WARN] PackLoader:240 - Cannot read IP mode file for STMicroelectronics.X-CUBE-AZRTOS-H7RS.1.1.0
2025-11-25 10:00:37,332 [WARN] PackLoader:240 - Cannot read IP mode file for STMicroelectronics.X-CUBE-AZRTOS-G4.2.0.0
2025-11-25 10:00:37,341 [WARN] PackLoader:240 - Cannot read IP mode file for wolfSSL.I-CUBE-wolfSSH.1.4.20
2025-11-25 10:00:37,347 [WARN] PackLoader:240 - Cannot read IP mode file for STMicroelectronics.X-CUBE-NFC7.2.0.0
2025-11-25 10:00:37,354 [WARN] PackLoader:240 - Cannot read IP mode file for STMicroelectronics.X-CUBE-ALS.1.0.2
2025-11-25 10:00:37,359 [WARN] PackLoader:240 - Cannot read IP mode file for STMicroelectronics.X-CUBE-STSE01.1.0.0
2025-11-25 10:00:37,372 [WARN] PackLoader:240 - Cannot read IP mode file for STMicroelectronics.X-CUBE-TOF1.3.4.3
2025-11-25 10:00:37,381 [INFO] ThirdParty:978 - Integrity check success = true
2025-11-25 10:00:37,381 [INFO] IntegrityCheckThread:100 - exiting critical section [integrity check]
2025-11-25 10:00:37,381 [INFO] IntegrityCheckThread:103 - End integrity checks thread
2025-11-25 10:01:46,507 [INFO] WebApp:194 - Connection lost
2025-11-25 10:01:47,791 [INFO] WebApp:191 - Connection restablished
2025-11-25 10:14:28,753 [ERROR] LogOutputStream:75 - [STDERR_REDIRECT] Exception in thread "SWV client thread" java.lang.NullPointerException: Cannot invoke "com.st.stm32cube.ide.mcu.debug.swv.core.SWVPlugin.isDebugging()" because "com.st.stm32cube.ide.mcu.debug.swv.core.SWVPlugin.plugin" is null
2025-11-25 10:14:28,765 [ERROR] LogOutputStream:75 - [STDERR_REDIRECT] 	at com.st.stm32cube.ide.mcu.debug.swv.core.SWVPlugin.debugTrace(SWVPlugin.java:85)
2025-11-25 10:14:28,766 [ERROR] LogOutputStream:75 - [STDERR_REDIRECT] 	at com.st.stm32cube.ide.mcu.debug.swv.core.SWVClient.TRACE(SWVClient.java:768)
2025-11-25 10:14:28,768 [ERROR] LogOutputStream:75 - [STDERR_REDIRECT] 	at com.st.stm32cube.ide.mcu.debug.swv.core.SWVClient.createProtocolPacket(SWVClient.java:472)
2025-11-25 10:14:28,769 [ERROR] LogOutputStream:75 - [STDERR_REDIRECT] 	at com.st.stm32cube.ide.mcu.debug.swv.core.SWVClient.run(SWVClient.java:370)
2025-11-25 10:14:30,031 [ERROR] LogOutputStream:75 - [STDERR_REDIRECT] 
2025-11-25 10:14:30,035 [ERROR] LogOutputStream:75 - [STDERR_REDIRECT] 
